Start testing: Apr 05 13:42 PDT
----------------------------------------------------------
1/4 Testing: poisson64
1/4 Test: poisson64
Command: "/home/rcastroy/src/cholla/cholla.sor" "poissonParameterFiles/poisson64.txt"
Directory: /home/rcastroy/src/cholla/tests/cmake_stuff
"poisson64" start time: Apr 05 13:42 PDT
Output:
----------------------------------------------------------
Memory usage: 357.312500/32510.500000 MB
Parameter values:
 n: [64, 64, 64]
 Boundaries: 3 3 3 3 3 3
 Gas gamma: 1.66667e+00
 Initial conditions: poissonTest
 Final time: 0.00000e+00
 Output directory: 

Creating Log File: run_output.log
  File exists, appending values: run_output.log 


Setting initial conditions...
Initial conditions set.

Hydro solver parameters:
 Integrator: VL
 Reconstruction: PPMP
 Riemann solver: HLLC
 H correction: disabled
 CFL: 0.050000
 Floors:
  T  : 0.0000000000e+00
  rho: 1.0000000000e-15
  P  : 1.0000000000e-03

Timing Functions is ON 

Initializing Gravity... 
 Using G = 1.0000000000e+00
 N ghost potential: 2
 N ghost offset: 2
 Using OMP for gravity calculations
  MAX OMP Threads: 40
  N OMP Threads per MPI process: 20
 Poisson solver: SOR
  Convergence epsilon: 1.00000e-08
  Maximum angular order: 5
  Allocating memory...
Gravity Successfully Initialized. 

boundslocal: -2.00000e+00 -2.00000e+00 -2.00000e+00nlocalreal: 64 64 64dx: 6.25000e-02 6.25000e-02 6.25000e-02Multipole center: 0.0000000000e+00, 0.0000000000e+00, 0.0000000000e+00
ReQ[0][0]=1.35044069978878272797e-01
ImQ[0][0]=0.00000000000000000000e+00
ReQ[1][0]=1.12321531889595543127e-18
ImQ[1][0]=0.00000000000000000000e+00
ReQ[1][1]=-1.00238824418346118839e-02
ImQ[1][1]=-1.72662785932175061256e-19
ReQ[2][0]=-3.16747399225481267998e-03
ImQ[2][0]=0.00000000000000000000e+00
ReQ[2][1]=7.63945756650645782981e-20
ImQ[2][1]=6.10293855941623818520e-20
ReQ[2][2]=3.87934752728032140531e-03
ImQ[2][2]=1.66728462970748929306e-20
ReQ[3][0]=-5.13063738019690733505e-19
ImQ[3][0]=0.00000000000000000000e+00
ReQ[3][1]=1.44249569175686166364e-03
ImQ[3][1]=5.64277798465298888967e-20
ReQ[3][2]=-2.19106702580343044374e-19
ImQ[3][2]=-2.23726506301451703938e-21
ReQ[3][3]=-1.86225393038342451092e-03
ImQ[3][3]=3.35620390984236160213e-20
ReQ[4][0]=5.83204307585162562422e-04
ImQ[4][0]=0.00000000000000000000e+00
ReQ[4][1]=-1.00094023997744805082e-21
ImQ[4][1]=8.29033497125146456863e-20
ReQ[4][2]=-6.14798700624191859707e-04
ImQ[4][2]=3.29080882007150919390e-21
ReQ[4][3]=3.14746536694074523616e-20
ImQ[4][3]=1.53026345370778737282e-20
ReQ[4][4]=8.13275370532780261801e-04
ImQ[4][4]=7.54683785443527555092e-21
ReQ[5][0]=-1.60817145970109428438e-19
ImQ[5][0]=0.00000000000000000000e+00
ReQ[5][1]=-2.78785792115732362646e-04
ImQ[5][1]=1.60588844121044792800e-20
ReQ[5][2]=4.62393962417142470253e-21
ImQ[5][2]=1.80894060207690239648e-20
ReQ[5][3]=3.01111579765752019385e-04
ImQ[5][3]=6.55959395633379402596e-21
ReQ[5][4]=-2.79577208117277947977e-20
ImQ[5][4]=1.64746775714380557214e-20
ReQ[5][5]=-4.03993855235976391006e-04
ImQ[5][5]=-1.70177975761744113436e-20
SOR: Initializing  Potential 
 SOR: Converged in 232 iterations 
L2 norm = 1.28632867555491338168e-04
Passed: 1
<end of output>
Test time =   0.39 sec
----------------------------------------------------------
Test Passed.
"poisson64" end time: Apr 05 13:42 PDT
"poisson64" time elapsed: 00:00:00
----------------------------------------------------------

2/4 Testing: poisson128
2/4 Test: poisson128
Command: "/home/rcastroy/src/cholla/cholla.sor" "poissonParameterFiles/poisson128.txt"
Directory: /home/rcastroy/src/cholla/tests/cmake_stuff
"poisson128" start time: Apr 05 13:42 PDT
Output:
----------------------------------------------------------
Memory usage: 357.312500/32510.500000 MB
Parameter values:
 n: [128, 128, 128]
 Boundaries: 3 3 3 3 3 3
 Gas gamma: 1.66667e+00
 Initial conditions: poissonTest
 Final time: 0.00000e+00
 Output directory: 

Creating Log File: run_output.log
  File exists, appending values: run_output.log 


Setting initial conditions...
Initial conditions set.

Hydro solver parameters:
 Integrator: VL
 Reconstruction: PPMP
 Riemann solver: HLLC
 H correction: disabled
 CFL: 0.050000
 Floors:
  T  : 0.0000000000e+00
  rho: 1.0000000000e-15
  P  : 1.0000000000e-03

Timing Functions is ON 

Initializing Gravity... 
 Using G = 1.0000000000e+00
 N ghost potential: 2
 N ghost offset: 2
 Using OMP for gravity calculations
  MAX OMP Threads: 40
  N OMP Threads per MPI process: 20
 Poisson solver: SOR
  Convergence epsilon: 1.00000e-08
  Maximum angular order: 5
  Allocating memory...
Gravity Successfully Initialized. 

boundslocal: -2.00000e+00 -2.00000e+00 -2.00000e+00nlocalreal: 128 128 128dx: 3.12500e-02 3.12500e-02 3.12500e-02Multipole center: 0.0000000000e+00, 0.0000000000e+00, 0.0000000000e+00
ReQ[0][0]=1.35044103243628921263e-01
ImQ[0][0]=0.00000000000000000000e+00
ReQ[1][0]=-2.62060108844022302520e-19
ImQ[1][0]=0.00000000000000000000e+00
ReQ[1][1]=-1.00239128639628295031e-02
ImQ[1][1]=6.43723782881563189655e-19
ReQ[2][0]=-3.16749397194139104342e-03
ImQ[2][0]=0.00000000000000000000e+00
ReQ[2][1]=1.60053856669748749446e-20
ImQ[2][1]=5.90770360590819610846e-21
ReQ[2][2]=3.87937199729901805584e-03
ImQ[2][2]=7.31715321566527125134e-20
ReQ[3][0]=-1.03494004162014063948e-18
ImQ[3][0]=0.00000000000000000000e+00
ReQ[3][1]=1.44253969800388869016e-03
ImQ[3][1]=3.26684962374838055975e-20
ReQ[3][2]=2.95815878474309970825e-20
ImQ[3][2]=2.71377555335388681208e-21
ReQ[3][3]=-1.86231074220405174065e-03
ImQ[3][3]=-1.34700230292416496359e-19
ReQ[4][0]=5.83282236898460988705e-04
ImQ[4][0]=0.00000000000000000000e+00
ReQ[4][1]=-1.38283181254708286578e-19
ImQ[4][1]=3.23553045394492521912e-20
ReQ[4][2]=-6.14834772764562167806e-04
ImQ[4][2]=-5.54139150482222114942e-21
ReQ[4][3]=-6.05633092733268119558e-20
ImQ[4][3]=9.15602970046345958530e-21
ReQ[4][4]=8.13349210180214590195e-04
ImQ[4][4]=-1.49797567066841254639e-20
ReQ[5][0]=-1.89507594566475016943e-20
ImQ[5][0]=0.00000000000000000000e+00
ReQ[5][1]=-2.78837963869819069947e-04
ImQ[5][1]=-7.81379233727074546523e-20
ReQ[5][2]=8.44479353701457627621e-20
ImQ[5][2]=4.10314233211307775288e-21
ReQ[5][3]=3.01179549202030747129e-04
ImQ[5][3]=2.75032972107794836672e-21
ReQ[5][4]=-5.13566341333015234078e-20
ImQ[5][4]=-1.97972323313205859041e-22
ReQ[5][5]=-4.04074654794890652555e-04
ImQ[5][5]=9.36286303425536579117e-21
SOR: Initializing  Potential 
 SOR: Converged in 432 iterations 
L2 norm = 3.20932561340243896410e-05
Passed: 1
<end of output>
Test time =   1.47 sec
----------------------------------------------------------
Test Passed.
"poisson128" end time: Apr 05 13:42 PDT
"poisson128" time elapsed: 00:00:01
----------------------------------------------------------

3/4 Testing: poisson256
3/4 Test: poisson256
Command: "/home/rcastroy/src/cholla/cholla.sor" "poissonParameterFiles/poisson256.txt"
Directory: /home/rcastroy/src/cholla/tests/cmake_stuff
"poisson256" start time: Apr 05 13:42 PDT
Output:
----------------------------------------------------------
Memory usage: 357.312500/32510.500000 MB
Parameter values:
 n: [256, 256, 256]
 Boundaries: 3 3 3 3 3 3
 Gas gamma: 1.66667e+00
 Initial conditions: poissonTest
 Final time: 0.00000e+00
 Output directory: 

Creating Log File: run_output.log
  File exists, appending values: run_output.log 


Setting initial conditions...
Initial conditions set.

Hydro solver parameters:
 Integrator: VL
 Reconstruction: PPMP
 Riemann solver: HLLC
 H correction: disabled
 CFL: 0.050000
 Floors:
  T  : 0.0000000000e+00
  rho: 1.0000000000e-15
  P  : 1.0000000000e-03

Timing Functions is ON 

Initializing Gravity... 
 Using G = 1.0000000000e+00
 N ghost potential: 2
 N ghost offset: 2
 Using OMP for gravity calculations
  MAX OMP Threads: 40
  N OMP Threads per MPI process: 20
 Poisson solver: SOR
  Convergence epsilon: 1.00000e-08
  Maximum angular order: 5
  Allocating memory...
Gravity Successfully Initialized. 

boundslocal: -2.00000e+00 -2.00000e+00 -2.00000e+00nlocalreal: 256 256 256dx: 1.56250e-02 1.56250e-02 1.56250e-02Multipole center: 0.0000000000e+00, 0.0000000000e+00, 0.0000000000e+00
ReQ[0][0]=1.35044102915346325711e-01
ImQ[0][0]=0.00000000000000000000e+00
ReQ[1][0]=3.03716786501330019165e-18
ImQ[1][0]=0.00000000000000000000e+00
ReQ[1][1]=-1.00239134730205486923e-02
ImQ[1][1]=4.87222525766407158683e-19
ReQ[2][0]=-3.16749433728744089755e-03
ImQ[2][0]=0.00000000000000000000e+00
ReQ[2][1]=-1.21481038860042116659e-19
ImQ[2][1]=1.81353980153213897939e-20
ReQ[2][2]=3.87937244475462924762e-03
ImQ[2][2]=-7.49758138407418583089e-20
ReQ[3][0]=3.74156571792421720586e-19
ImQ[3][0]=0.00000000000000000000e+00
ReQ[3][1]=1.44254037035543096999e-03
ImQ[3][1]=-6.21677407337727712509e-20
ReQ[3][2]=2.56252663693087517912e-20
ImQ[3][2]=-2.84470568211540666232e-21
ReQ[3][3]=-1.86231161020615531079e-03
ImQ[3][3]=7.03874402400747427100e-20
ReQ[4][0]=5.83283844490093501475e-04
ImQ[4][0]=0.00000000000000000000e+00
ReQ[4][1]=-1.80997901809411013727e-19
ImQ[4][1]=6.60240037632857043863e-21
ReQ[4][2]=-6.14835171195287646072e-04
ImQ[4][2]=2.44994520832493233656e-20
ReQ[4][3]=1.22840269018319219959e-19
ImQ[4][3]=1.36668358837141430974e-20
ReQ[4][4]=8.13350472085292959881e-04
ImQ[4][4]=-1.11844930881003614769e-20
ReQ[5][0]=1.27296621270046468889e-19
ImQ[5][0]=0.00000000000000000000e+00
ReQ[5][1]=-2.78838872427013230101e-04
ImQ[5][1]=2.56785819595236988868e-20
ReQ[5][2]=-6.41636435788031576115e-20
ImQ[5][2]=1.09554259827685560081e-21
ReQ[5][3]=3.01180400385201135337e-04
ImQ[5][3]=-5.00986987928966814347e-21
ReQ[5][4]=4.90812566393271476363e-20
ImQ[5][4]=-6.98482840912027083222e-21
ReQ[5][5]=-4.04075913205217442103e-04
ImQ[5][5]=2.71616091726215725894e-20
SOR: Initializing  Potential 
 SOR: Converged in 826 iterations 
L2 norm = 8.00448951484402434087e-06
Passed: 1
<end of output>
Test time =   9.87 sec
----------------------------------------------------------
Test Passed.
"poisson256" end time: Apr 05 13:42 PDT
"poisson256" time elapsed: 00:00:09
----------------------------------------------------------

4/4 Testing: poisson512
4/4 Test: poisson512
Command: "/home/rcastroy/src/cholla/cholla.sor" "poissonParameterFiles/poisson512.txt"
Directory: /home/rcastroy/src/cholla/tests/cmake_stuff
"poisson512" start time: Apr 05 13:42 PDT
Output:
----------------------------------------------------------
Memory usage: 357.312500/32510.500000 MB
Parameter values:
 n: [512, 512, 512]
 Boundaries: 3 3 3 3 3 3
 Gas gamma: 1.66667e+00
 Initial conditions: poissonTest
 Final time: 0.00000e+00
 Output directory: 

Creating Log File: run_output.log
  File exists, appending values: run_output.log 


Setting initial conditions...
Initial conditions set.

Hydro solver parameters:
 Integrator: VL
 Reconstruction: PPMP
 Riemann solver: HLLC
 H correction: disabled
 CFL: 0.050000
 Floors:
  T  : 0.0000000000e+00
  rho: 1.0000000000e-15
  P  : 1.0000000000e-03

Timing Functions is ON 

Initializing Gravity... 
 Using G = 1.0000000000e+00
 N ghost potential: 2
 N ghost offset: 2
 Using OMP for gravity calculations
  MAX OMP Threads: 40
  N OMP Threads per MPI process: 20
 Poisson solver: SOR
  Convergence epsilon: 1.00000e-08
  Maximum angular order: 5
  Allocating memory...
Gravity Successfully Initialized. 

boundslocal: -2.00000e+00 -2.00000e+00 -2.00000e+00nlocalreal: 512 512 512dx: 7.81250e-03 7.81250e-03 7.81250e-03Multipole center: 0.0000000000e+00, 0.0000000000e+00, 0.0000000000e+00
ReQ[0][0]=1.35044102925978487528e-01
ImQ[0][0]=0.00000000000000000000e+00
ReQ[1][0]=1.46503893743523257918e-19
ImQ[1][0]=0.00000000000000000000e+00
ReQ[1][1]=-1.00239134827800734778e-02
ImQ[1][1]=6.12158277679814592770e-19
ReQ[2][0]=-3.16749434358319344532e-03
ImQ[2][0]=0.00000000000000000000e+00
ReQ[2][1]=2.71967107422066521008e-19
ImQ[2][1]=6.45858997904533285794e-20
ReQ[2][2]=3.87937245246538792848e-03
ImQ[2][2]=-4.72047879662777314950e-20
ReQ[3][0]=-1.03270140162680250945e-19
ImQ[3][0]=0.00000000000000000000e+00
ReQ[3][1]=1.44254038166237506628e-03
ImQ[3][1]=4.81364176288611027474e-20
ReQ[3][2]=1.98971411536572932946e-19
ImQ[3][2]=-1.79891995339895258111e-21
ReQ[3][3]=-1.86231162480334183455e-03
ImQ[3][3]=-5.02663787767787913801e-20
ReQ[4][0]=5.83283866455632264356e-04
ImQ[4][0]=0.00000000000000000000e+00
ReQ[4][1]=-1.05635548266020808133e-19
ImQ[4][1]=-1.76794917624304521895e-20
ReQ[4][2]=-6.14835180588662287560e-04
ImQ[4][2]=7.97057975455553464656e-21
ReQ[4][3]=-3.37886667444350140610e-20
ImQ[4][3]=1.29770966605519129522e-20
ReQ[4][4]=8.13350492312932835462e-04
ImQ[4][4]=2.80913601695224945300e-20
ReQ[5][0]=-1.43828716408073374585e-19
ImQ[5][0]=0.00000000000000000000e+00
ReQ[5][1]=-2.78838885053470022114e-04
ImQ[5][1]=-2.71570853724318472764e-21
ReQ[5][2]=3.91125088309489622128e-20
ImQ[5][2]=-5.52842153163409275601e-22
ReQ[5][3]=3.01180418383544023023e-04
ImQ[5][3]=1.32359997614606767995e-21
ReQ[5][4]=1.25696452812431615255e-19
ImQ[5][4]=-6.51816107969615243200e-22
ReQ[5][5]=-4.04075933452642109978e-04
ImQ[5][5]=-2.10660801463267611312e-20
SOR: Initializing  Potential 
 SOR: Converged in 1590 iterations 
L2 norm = 1.98015314505433153187e-06
Passed: 1
<end of output>
Test time =  81.82 sec
----------------------------------------------------------
Test Passed.
"poisson512" end time: Apr 05 13:44 PDT
"poisson512" time elapsed: 00:01:21
----------------------------------------------------------

End testing: Apr 05 13:44 PDT
